<?xml version="1.0" encoding="UTF-8"?>
<!-- Generated by org.testng.reporters.JUnitReportReporter -->
<testsuite skipped="0" hostname="user-PC" name="TestNG_Examples.sample1" tests="3" failures="0" timestamp="2021-03-31T09:03:54 IST" time="0.003" errors="0">
  <testcase name="TC3" time="0.001" classname="TestNG_Examples.sample1"/>
  <system-out>
Running TC3   </system-out>
  <testcase name="TC2" time="0.001" classname="TestNG_Examples.sample1"/>
  <system-out>
Running TC2   </system-out>
  <testcase name="TC1" time="0.001" classname="TestNG_Examples.sample1"/>
  <system-out>
Running TC1   </system-out>
</testsuite> <!-- TestNG_Examples.sample1 -->
