<?xml version="1.0" encoding="UTF-8"?>
<!-- Generated by org.testng.reporters.JUnitReportReporter -->
<testsuite skipped="0" hostname="user-PC" name="POM_DDF_TestNG.kite_verifyPNTest" tests="1" failures="0" timestamp="2021-04-19T11:39:26 IST" time="6.099" errors="0">
  <testcase name="veifyPN" time="6.099" classname="POM_DDF_TestNG.kite_verifyPNTest"/>
  <system-out/>
</testsuite> <!-- POM_DDF_TestNG.kite_verifyPNTest -->
