<?xml version="1.0" encoding="UTF-8"?>
<!-- Generated by org.testng.reporters.JUnitReportReporter -->
<testsuite skipped="0" hostname="user-PC" name="TestNG_Examples.sample3" tests="4" failures="0" timestamp="2021-03-31T09:03:54 IST" time="0.017" errors="0">
  <testcase name="TC10" time="0.011" classname="TestNG_Examples.sample3"/>
  <system-out>
Running TC10   </system-out>
  <testcase name="TC7" time="0.003" classname="TestNG_Examples.sample3"/>
  <system-out>
Running TC7   </system-out>
  <testcase name="TC8" time="0.001" classname="TestNG_Examples.sample3"/>
  <system-out>
Running TC8  </system-out>
  <testcase name="TC9" time="0.002" classname="TestNG_Examples.sample3"/>
  <system-out>
Running TC9   </system-out>
</testsuite> <!-- TestNG_Examples.sample3 -->
