<?xml version="1.0" encoding="UTF-8"?>
<!-- Generated by org.testng.reporters.JUnitReportReporter -->
<testsuite skipped="0" hostname="user-PC" name="TestNG_Examples.sample6" tests="3" failures="0" timestamp="2021-03-31T18:21:44 IST" time="0.000" errors="0">
  <testcase name="TC8" time="0.000" classname="TestNG_Examples.sample6"/>
  <system-out>
Running TC8  </system-out>
  <testcase name="TC9" time="0.000" classname="TestNG_Examples.sample6"/>
  <system-out>
Running TC9  </system-out>
  <testcase name="TC7" time="0.000" classname="TestNG_Examples.sample6"/>
  <system-out>
Running TC7  </system-out>
</testsuite> <!-- TestNG_Examples.sample6 -->
