<?xml version="1.0" encoding="UTF-8"?>
<!-- Generated by org.testng.reporters.JUnitReportReporter -->
<testsuite skipped="0" hostname="user-PC" name="TestNG_Examples.TestNg_annotation" tests="1" failures="0" timestamp="2021-03-29T11:28:14 IST" time="0.008" errors="0">
  <testcase name="verifyPN" time="0.008" classname="TestNG_Examples.TestNg_annotation"/>
  <system-out>
running Verify PN test case  </system-out>
</testsuite> <!-- TestNG_Examples.TestNg_annotation -->
