<?xml version="1.0" encoding="UTF-8"?>
<!-- Generated by org.testng.reporters.JUnitReportReporter -->
<testsuite skipped="1" hostname="user-PC" name="TestNG_Examples.sample5" tests="3" failures="0" timestamp="2021-03-31T18:21:44 IST" time="0.000" errors="0">
  <testcase name="TC5" time="0.000" classname="TestNG_Examples.sample5"/>
  <system-out>
Running TC5  </system-out>
  <testcase name="TC4" time="0.000" classname="TestNG_Examples.sample5"/>
  <system-out>
Running TC4  </system-out>
  <testcase name="TC6" classname="TestNG_Examples.sample5">
    <skipped/>
  </testcase> <!-- TC6 -->
  <system-out/>
</testsuite> <!-- TestNG_Examples.sample5 -->
