<?xml version="1.0" encoding="UTF-8"?>
<!-- Generated by org.testng.reporters.JUnitReportReporter -->
<testsuite skipped="0" hostname="user-PC" name="TestNG_Examples.sample2" tests="3" failures="0" timestamp="2021-03-31T09:03:54 IST" time="0.003" errors="0">
  <testcase name="TC4" time="0.001" classname="TestNG_Examples.sample2"/>
  <system-out>
Running TC4  </system-out>
  <testcase name="TC6" time="0.001" classname="TestNG_Examples.sample2"/>
  <system-out>
Running TC6   </system-out>
  <testcase name="TC5" time="0.001" classname="TestNG_Examples.sample2"/>
  <system-out>
Running TC5   </system-out>
</testsuite> <!-- TestNG_Examples.sample2 -->
