<?xml version="1.0" encoding="UTF-8"?>
<!-- Generated by org.testng.reporters.JUnitReportReporter -->
<testsuite skipped="0" hostname="user-PC" name="TestNG_Examples.SampleTestClas_EmailableReport" tests="2" failures="0" timestamp="2021-03-29T11:28:14 IST" time="0.003" errors="0">
  <testcase name="m2" time="0.002" classname="TestNG_Examples.SampleTestClas_EmailableReport"/>
  <system-out/>
  <testcase name="m1" time="0.001" classname="TestNG_Examples.SampleTestClas_EmailableReport"/>
  <system-out/>
</testsuite> <!-- TestNG_Examples.SampleTestClas_EmailableReport -->
