<?xml version="1.0" encoding="UTF-8"?>
<!-- Generated by org.testng.reporters.JUnitReportReporter -->
<testsuite skipped="0" hostname="user-PC" name="TestNG_Examples.sample7_group" tests="5" failures="0" timestamp="2021-03-31T18:48:58 IST" time="0.000" errors="0">
  <testcase name="TC1" time="0.000" classname="TestNG_Examples.sample7_group"/>
  <system-out>
Running TC1  </system-out>
  <testcase name="TC3" time="0.000" classname="TestNG_Examples.sample7_group"/>
  <system-out>
Running TC3  </system-out>
  <testcase name="TC4" time="0.000" classname="TestNG_Examples.sample7_group"/>
  <system-out>
Running TC4  </system-out>
  <testcase name="TC5" time="0.000" classname="TestNG_Examples.sample7_group"/>
  <system-out>
Running TC5  </system-out>
  <testcase name="TC2" time="0.000" classname="TestNG_Examples.sample7_group"/>
  <system-out>
Running TC2  </system-out>
</testsuite> <!-- TestNG_Examples.sample7_group -->
