<?xml version="1.0" encoding="UTF-8"?>
<!-- Generated by org.testng.reporters.JUnitReportReporter -->
<testsuite skipped="0" hostname="user-PC" name="TestNG_Examples.TestNg_Verification_SoftAssert" tests="1" failures="0" timestamp="2021-03-30T20:11:37 IST" time="0.015" errors="0">
  <testcase name="test" time="0.015" classname="TestNG_Examples.TestNg_Verification_SoftAssert"/>
  <system-out>
Running Test Method  </system-out>
</testsuite> <!-- TestNG_Examples.TestNg_Verification_SoftAssert -->
